[0.007s] Invoking command in '/home/mario/REPOS/robot_ros/build/articubot_one': CMAKE_PREFIX_PATH=/opt/ros/humble /usr/bin/cmake /home/mario/REPOS/robot_ros -DAMENT_CMAKE_SYMLINK_INSTALL=1 -DCMAKE_INSTALL_PREFIX=/home/mario/REPOS/robot_ros/install/articubot_one
[0.025s] -- Found ament_cmake: 1.3.10 (/opt/ros/humble/share/ament_cmake/cmake)
[0.134s] -- Found Python3: /usr/bin/python3 (found version "3.10.12") found components: Interpreter 
[0.180s] -- Override CMake install command with custom implementation using symlinks instead of copying resources
[0.204s] -- Found ament_lint_auto: 0.12.11 (/opt/ros/humble/share/ament_lint_auto/cmake)
[0.263s] -- Added test 'copyright' to check source files copyright and LICENSE
[0.271s] -- Added test 'cppcheck' to perform static code analysis on C / C++ code
[0.271s] -- Configured cppcheck include dirs: 
[0.271s] -- Configured cppcheck exclude dirs and/or files: 
[0.278s] -- Added test 'cpplint' to check C / C++ code against the Google style
[0.278s] -- Configured cpplint exclude dirs and/or files: 
[0.279s] -- Added test 'flake8' to check Python code syntax and style conventions
[0.282s] -- Added test 'lint_cmake' to check CMake code style
[0.283s] -- Added test 'pep257' to check Python code against some of the docstring style conventions in PEP 257
[0.291s] -- Added test 'uncrustify' to check C / C++ code style
[0.291s] -- Configured uncrustify additional arguments: 
[0.292s] -- Added test 'xmllint' to check XML markup files
[0.293s] -- Configuring done
[0.296s] -- Generating done
[0.296s] -- Build files have been written to: /home/mario/REPOS/robot_ros/build/articubot_one
[0.299s] Invoked command in '/home/mario/REPOS/robot_ros/build/articubot_one' returned '0': CMAKE_PREFIX_PATH=/opt/ros/humble /usr/bin/cmake /home/mario/REPOS/robot_ros -DAMENT_CMAKE_SYMLINK_INSTALL=1 -DCMAKE_INSTALL_PREFIX=/home/mario/REPOS/robot_ros/install/articubot_one
[0.301s] Invoking command in '/home/mario/REPOS/robot_ros/build/articubot_one': CMAKE_PREFIX_PATH=/opt/ros/humble /usr/bin/cmake --build /home/mario/REPOS/robot_ros/build/articubot_one -- -j32 -l32
[0.330s] Invoked command in '/home/mario/REPOS/robot_ros/build/articubot_one' returned '0': CMAKE_PREFIX_PATH=/opt/ros/humble /usr/bin/cmake --build /home/mario/REPOS/robot_ros/build/articubot_one -- -j32 -l32
[0.353s] Invoking command in '/home/mario/REPOS/robot_ros/build/articubot_one': CMAKE_PREFIX_PATH=/opt/ros/humble /usr/bin/cmake --install /home/mario/REPOS/robot_ros/build/articubot_one
[0.359s] -- Install configuration: ""
[0.359s] -- Execute custom install script
[0.359s] -- Symlinking: /home/mario/REPOS/robot_ros/install/articubot_one/share/articubot_one/config/empty.yaml
[0.366s] -- Symlinking: /home/mario/REPOS/robot_ros/install/articubot_one/share/articubot_one/config/view_bot.rviz
[0.372s] -- Symlinking: /home/mario/REPOS/robot_ros/install/articubot_one/share/articubot_one/description/inertial_macros.xacro
[0.379s] -- Symlinking: /home/mario/REPOS/robot_ros/install/articubot_one/share/articubot_one/description/robot.urdf.xacro
[0.386s] -- Symlinking: /home/mario/REPOS/robot_ros/install/articubot_one/share/articubot_one/description/robot_core.xacro
[0.392s] -- Symlinking: /home/mario/REPOS/robot_ros/install/articubot_one/share/articubot_one/launch/rsp.launch.py
[0.399s] -- Symlinking: /home/mario/REPOS/robot_ros/install/articubot_one/share/articubot_one/worlds/empty.world
[0.405s] -- Symlinking: /home/mario/REPOS/robot_ros/install/articubot_one/share/ament_index/resource_index/package_run_dependencies/articubot_one
[0.412s] -- Symlinking: /home/mario/REPOS/robot_ros/install/articubot_one/share/ament_index/resource_index/parent_prefix_path/articubot_one
[0.418s] -- Symlinking: /home/mario/REPOS/robot_ros/install/articubot_one/share/articubot_one/environment/ament_prefix_path.sh
[0.425s] -- Symlinking: /home/mario/REPOS/robot_ros/install/articubot_one/share/articubot_one/environment/ament_prefix_path.dsv
[0.432s] -- Symlinking: /home/mario/REPOS/robot_ros/install/articubot_one/share/articubot_one/environment/path.sh
[0.439s] -- Symlinking: /home/mario/REPOS/robot_ros/install/articubot_one/share/articubot_one/environment/path.dsv
[0.445s] -- Symlinking: /home/mario/REPOS/robot_ros/install/articubot_one/share/articubot_one/local_setup.bash
[0.452s] -- Symlinking: /home/mario/REPOS/robot_ros/install/articubot_one/share/articubot_one/local_setup.sh
[0.458s] -- Symlinking: /home/mario/REPOS/robot_ros/install/articubot_one/share/articubot_one/local_setup.zsh
[0.465s] -- Symlinking: /home/mario/REPOS/robot_ros/install/articubot_one/share/articubot_one/local_setup.dsv
[0.471s] -- Symlinking: /home/mario/REPOS/robot_ros/install/articubot_one/share/articubot_one/package.dsv
[0.477s] -- Symlinking: /home/mario/REPOS/robot_ros/install/articubot_one/share/ament_index/resource_index/packages/articubot_one
[0.483s] -- Symlinking: /home/mario/REPOS/robot_ros/install/articubot_one/share/articubot_one/cmake/articubot_oneConfig.cmake
[0.489s] -- Symlinking: /home/mario/REPOS/robot_ros/install/articubot_one/share/articubot_one/cmake/articubot_oneConfig-version.cmake
[0.494s] -- Symlinking: /home/mario/REPOS/robot_ros/install/articubot_one/share/articubot_one/package.xml
[0.501s] Invoked command in '/home/mario/REPOS/robot_ros/build/articubot_one' returned '0': CMAKE_PREFIX_PATH=/opt/ros/humble /usr/bin/cmake --install /home/mario/REPOS/robot_ros/build/articubot_one
