[0.005s] Invoking command in '/home/mario/REPOS/robot_ros/build/articubot_one': /usr/bin/cmake /home/mario/REPOS/robot_ros -DAMENT_CMAKE_SYMLINK_INSTALL=1 -DCMAKE_INSTALL_PREFIX=/home/mario/REPOS/robot_ros/install/articubot_one
[0.047s] -- The C compiler identification is GNU 11.4.0
[0.089s] -- The CXX compiler identification is GNU 11.4.0
[0.094s] -- Detecting C compiler ABI info
[0.147s] -- Detecting C compiler ABI info - done
[0.152s] -- Check for working C compiler: /usr/bin/cc - skipped
[0.152s] -- Detecting C compile features
[0.153s] -- Detecting C compile features - done
[0.155s] -- Detecting CXX compiler ABI info
[0.213s] -- Detecting CXX compiler ABI info - done
[0.218s] -- Check for working CXX compiler: /usr/bin/c++ - skipped
[0.219s] -- Detecting CXX compile features
[0.219s] -- Detecting CXX compile features - done
[0.227s] [31mCMake Error at CMakeLists.txt:19 (find_package):
[0.227s]   By not providing "Findament_cmake.cmake" in CMAKE_MODULE_PATH this project
[0.227s]   has asked CMake to find a package configuration file provided by
[0.227s]   "ament_cmake", but CMake did not find one.
[0.227s] 
[0.227s]   Could not find a package configuration file provided by "ament_cmake" with
[0.227s]   any of the following names:
[0.227s] 
[0.227s]     ament_cmakeConfig.cmake
[0.228s]     ament_cmake-config.cmake
[0.228s] 
[0.228s]   Add the installation prefix of "ament_cmake" to CMAKE_PREFIX_PATH or set
[0.228s]   "ament_cmake_DIR" to a directory containing one of the above files.  If
[0.228s]   "ament_cmake" provides a separate development package or SDK, be sure it
[0.228s]   has been installed.
[0.228s] 
[0.228s] [0m
[0.228s] -- Configuring incomplete, errors occurred!
[0.228s] See also "/home/mario/REPOS/robot_ros/build/articubot_one/CMakeFiles/CMakeOutput.log".
[0.231s] Invoked command in '/home/mario/REPOS/robot_ros/build/articubot_one' returned '1': /usr/bin/cmake /home/mario/REPOS/robot_ros -DAMENT_CMAKE_SYMLINK_INSTALL=1 -DCMAKE_INSTALL_PREFIX=/home/mario/REPOS/robot_ros/install/articubot_one
